<?xml version="1.0" encoding="UTF-8"?>
<!-- Generated by org.testng.reporters.JUnitReportReporter -->
<testsuite skipped="0" hostname="IBM-Testing01" name="com.training.sanity.tests.Displayinformationloan" tests="1" failures="0" timestamp="15 Jan 2020 18:20:50 GMT" time="21.784" errors="0">
  <testcase name="validLoginTest" time="21.784" classname="com.training.sanity.tests.Displayinformationloan"/>
</testsuite> <!-- com.training.sanity.tests.Displayinformationloan -->
