<?xml version="1.0" encoding="UTF-8"?>
<!-- Generated by org.testng.reporters.JUnitReportReporter -->
<testsuite skipped="0" hostname="IBM-Testing01" name="com.training.sanity.tests.Repayloan" tests="1" failures="0" timestamp="15 Jan 2020 18:12:39 GMT" time="30.217" errors="0">
  <testcase name="validLoginTest" time="30.217" classname="com.training.sanity.tests.Repayloan"/>
</testsuite> <!-- com.training.sanity.tests.Repayloan -->
