<?xml version="1.0" encoding="UTF-8"?>
<!-- Generated by org.testng.reporters.JUnitReportReporter -->
<testsuite skipped="0" hostname="IBM-Testing01" name="com.training.sanity.tests.CYTC_041LoanRepayment" tests="1" failures="0" timestamp="21 Jan 2020 03:36:17 GMT" time="73.497" errors="0">
  <testcase name="validLoginTest" time="73.497" classname="com.training.sanity.tests.CYTC_041LoanRepayment"/>
</testsuite> <!-- com.training.sanity.tests.CYTC_041LoanRepayment -->
