<?xml version="1.0" encoding="UTF-8"?>
<!-- Generated by org.testng.reporters.JUnitReportReporter -->
<testsuite skipped="0" hostname="IBM-Testing01" name="com.training.sanity.tests.Moneytransfer" tests="1" failures="0" timestamp="15 Jan 2020 18:11:21 GMT" time="23.906" errors="0">
  <testcase name="validLoginTest" time="23.906" classname="com.training.sanity.tests.Moneytransfer"/>
</testsuite> <!-- com.training.sanity.tests.Moneytransfer -->
