<?xml version="1.0" encoding="UTF-8"?>
<!-- Generated by org.testng.reporters.JUnitReportReporter -->
<testsuite skipped="0" hostname="IBM-Testing01" name="com.training.sanity.tests.CYTC_024Messagetest" tests="1" failures="0" timestamp="16 Jan 2020 06:04:18 GMT" time="19.663" errors="0">
  <testcase name="validLoginTest" time="19.663" classname="com.training.sanity.tests.CYTC_024Messagetest"/>
</testsuite> <!-- com.training.sanity.tests.CYTC_024Messagetest -->
