<?xml version="1.0" encoding="UTF-8"?>
<!-- Generated by org.testng.reporters.JUnitReportReporter -->
<testsuite skipped="0" hostname="IBM-Testing01" name="com.training.sanity.tests.Messagetest" tests="1" failures="0" timestamp="15 Jan 2020 18:25:25 GMT" time="18.348" errors="0">
  <testcase name="validLoginTest" time="18.348" classname="com.training.sanity.tests.Messagetest"/>
</testsuite> <!-- com.training.sanity.tests.Messagetest -->
